{"C:\\Users\\natha\\Desktop\\Formations\\Formation JS React\\Projet 9\\Billed-app-FR-Front\\src\\constants\\routes.js": {"path":"C:\\Users\\natha\\Desktop\\Formations\\Formation JS React\\Projet 9\\Billed-app-FR-Front\\src\\constants\\routes.js","statementMap":{"0":{"start":{"line":6,"column":27},"end":{"line":11,"column":1}},"1":{"start":{"line":13,"column":22},"end":{"line":26,"column":1}},"2":{"start":{"line":14,"column":2},"end":{"line":25,"column":3}},"3":{"start":{"line":16,"column":6},"end":{"line":16,"column":46}},"4":{"start":{"line":18,"column":6},"end":{"line":18,"column":46}},"5":{"start":{"line":20,"column":6},"end":{"line":20,"column":24}},"6":{"start":{"line":22,"column":6},"end":{"line":22,"column":50}},"7":{"start":{"line":24,"column":6},"end":{"line":24,"column":46}}},"fnMap":{"0":{"name":"(anonymous_0)","decl":{"start":{"line":13,"column":22},"end":{"line":13,"column":23}},"loc":{"start":{"line":13,"column":62},"end":{"line":26,"column":1}},"line":13}},"branchMap":{"0":{"loc":{"start":{"line":14,"column":2},"end":{"line":25,"column":3}},"type":"switch","locations":[{"start":{"line":15,"column":4},"end":{"line":16,"column":46}},{"start":{"line":17,"column":4},"end":{"line":18,"column":46}},{"start":{"line":19,"column":4},"end":{"line":20,"column":24}},{"start":{"line":21,"column":4},"end":{"line":22,"column":50}},{"start":{"line":23,"column":4},"end":{"line":24,"column":46}}],"line":14}},"s":{"0":6,"1":6,"2":29,"3":7,"4":7,"5":2,"6":12,"7":1},"f":{"0":29},"b":{"0":[7,7,2,12,1]},"_coverageSchema":"1a1c01bbd47fc00a2c39e90264f33305004495a9","hash":"865e3269783e8a103e57bd625208104945f02981"}
,"C:\\Users\\natha\\Desktop\\Formations\\Formation JS React\\Projet 9\\Billed-app-FR-Front\\src\\constants\\usersTest.js": {"path":"C:\\Users\\natha\\Desktop\\Formations\\Formation JS React\\Projet 9\\Billed-app-FR-Front\\src\\constants\\usersTest.js","statementMap":{},"fnMap":{},"branchMap":{},"s":{},"f":{},"b":{},"_coverageSchema":"1a1c01bbd47fc00a2c39e90264f33305004495a9","hash":"6d1b0374b47a7f81cf90331cfce88122bea85f57"}
,"C:\\Users\\natha\\Desktop\\Formations\\Formation JS React\\Projet 9\\Billed-app-FR-Front\\src\\containers\\Bills.js": {"path":"C:\\Users\\natha\\Desktop\\Formations\\Formation JS React\\Projet 9\\Billed-app-FR-Front\\src\\containers\\Bills.js","statementMap":{"0":{"start":{"line":7,"column":4},"end":{"line":7,"column":29}},"1":{"start":{"line":8,"column":4},"end":{"line":8,"column":33}},"2":{"start":{"line":9,"column":4},"end":{"line":9,"column":23}},"3":{"start":{"line":10,"column":26},"end":{"line":12,"column":5}},"4":{"start":{"line":13,"column":4},"end":{"line":14,"column":71}},"5":{"start":{"line":14,"column":6},"end":{"line":14,"column":71}},"6":{"start":{"line":15,"column":20},"end":{"line":15,"column":76}},"7":{"start":{"line":16,"column":4},"end":{"line":19,"column":9}},"8":{"start":{"line":17,"column":6},"end":{"line":19,"column":9}},"9":{"start":{"line":18,"column":8},"end":{"line":18,"column":76}},"10":{"start":{"line":18,"column":45},"end":{"line":18,"column":74}},"11":{"start":{"line":20,"column":4},"end":{"line":20,"column":55}},"12":{"start":{"line":23,"column":23},"end":{"line":25,"column":3}},"13":{"start":{"line":24,"column":4},"end":{"line":24,"column":44}},"14":{"start":{"line":27,"column":23},"end":{"line":37,"column":3}},"15":{"start":{"line":28,"column":20},"end":{"line":28,"column":54}},"16":{"start":{"line":29,"column":21},"end":{"line":29,"column":63}},"17":{"start":{"line":30,"column":4},"end":{"line":34,"column":8}},"18":{"start":{"line":35,"column":4},"end":{"line":36,"column":37}},"19":{"start":{"line":36,"column":6},"end":{"line":36,"column":37}},"20":{"start":{"line":39,"column":13},"end":{"line":67,"column":3}},"21":{"start":{"line":40,"column":4},"end":{"line":66,"column":5}},"22":{"start":{"line":41,"column":6},"end":{"line":65,"column":11}},"23":{"start":{"line":45,"column":24},"end":{"line":62,"column":12}},"24":{"start":{"line":46,"column":12},"end":{"line":61,"column":13}},"25":{"start":{"line":47,"column":14},"end":{"line":51,"column":16}},"26":{"start":{"line":55,"column":14},"end":{"line":55,"column":41}},"27":{"start":{"line":56,"column":14},"end":{"line":60,"column":16}},"28":{"start":{"line":63,"column":10},"end":{"line":63,"column":46}},"29":{"start":{"line":64,"column":10},"end":{"line":64,"column":23}}},"fnMap":{"0":{"name":"(anonymous_0)","decl":{"start":{"line":6,"column":2},"end":{"line":6,"column":3}},"loc":{"start":{"line":6,"column":61},"end":{"line":21,"column":3}},"line":6},"1":{"name":"(anonymous_1)","decl":{"start":{"line":17,"column":22},"end":{"line":17,"column":23}},"loc":{"start":{"line":17,"column":32},"end":{"line":19,"column":7}},"line":17},"2":{"name":"(anonymous_2)","decl":{"start":{"line":18,"column":39},"end":{"line":18,"column":40}},"loc":{"start":{"line":18,"column":45},"end":{"line":18,"column":74}},"line":18},"3":{"name":"(anonymous_3)","decl":{"start":{"line":23,"column":23},"end":{"line":23,"column":24}},"loc":{"start":{"line":23,"column":29},"end":{"line":25,"column":3}},"line":23},"4":{"name":"(anonymous_4)","decl":{"start":{"line":27,"column":23},"end":{"line":27,"column":24}},"loc":{"start":{"line":27,"column":33},"end":{"line":37,"column":3}},"line":27},"5":{"name":"(anonymous_5)","decl":{"start":{"line":39,"column":13},"end":{"line":39,"column":14}},"loc":{"start":{"line":39,"column":19},"end":{"line":67,"column":3}},"line":39},"6":{"name":"(anonymous_6)","decl":{"start":{"line":44,"column":14},"end":{"line":44,"column":15}},"loc":{"start":{"line":44,"column":28},"end":{"line":65,"column":9}},"line":44},"7":{"name":"(anonymous_7)","decl":{"start":{"line":45,"column":37},"end":{"line":45,"column":38}},"loc":{"start":{"line":45,"column":46},"end":{"line":62,"column":11}},"line":45}},"branchMap":{"0":{"loc":{"start":{"line":13,"column":4},"end":{"line":14,"column":71}},"type":"if","locations":[{"start":{"line":13,"column":4},"end":{"line":14,"column":71}},{"start":{"line":13,"column":4},"end":{"line":14,"column":71}}],"line":13},"1":{"loc":{"start":{"line":16,"column":4},"end":{"line":19,"column":9}},"type":"if","locations":[{"start":{"line":16,"column":4},"end":{"line":19,"column":9}},{"start":{"line":16,"column":4},"end":{"line":19,"column":9}}],"line":16},"2":{"loc":{"start":{"line":35,"column":4},"end":{"line":36,"column":37}},"type":"if","locations":[{"start":{"line":35,"column":4},"end":{"line":36,"column":37}},{"start":{"line":35,"column":4},"end":{"line":36,"column":37}}],"line":35},"3":{"loc":{"start":{"line":40,"column":4},"end":{"line":66,"column":5}},"type":"if","locations":[{"start":{"line":40,"column":4},"end":{"line":66,"column":5}},{"start":{"line":40,"column":4},"end":{"line":66,"column":5}}],"line":40}},"s":{"0":4,"1":4,"2":4,"3":4,"4":4,"5":2,"6":4,"7":4,"8":4,"9":8,"10":4,"11":4,"12":4,"13":1,"14":4,"15":8,"16":8,"17":8,"18":8,"19":0,"20":4,"21":2,"22":2,"23":1,"24":4,"25":4,"26":0,"27":0,"28":1,"29":1},"f":{"0":4,"1":8,"2":4,"3":1,"4":8,"5":2,"6":1,"7":4},"b":{"0":[2,2],"1":[4,0],"2":[0,8],"3":[2,0]},"_coverageSchema":"1a1c01bbd47fc00a2c39e90264f33305004495a9","hash":"71a430709d3109c75f814508882ca44c9354df4a"}
,"C:\\Users\\natha\\Desktop\\Formations\\Formation JS React\\Projet 9\\Billed-app-FR-Front\\src\\containers\\Dashboard.js": {"path":"C:\\Users\\natha\\Desktop\\Formations\\Formation JS React\\Projet 9\\Billed-app-FR-Front\\src\\containers\\Dashboard.js","statementMap":{"0":{"start":{"line":8,"column":29},"end":{"line":28,"column":1}},"1":{"start":{"line":9,"column":2},"end":{"line":27,"column":9}},"2":{"start":{"line":14,"column":8},"end":{"line":23,"column":9}},"3":{"start":{"line":15,"column":10},"end":{"line":15,"column":51}},"4":{"start":{"line":20,"column":10},"end":{"line":22,"column":61}},"5":{"start":{"line":25,"column":8},"end":{"line":25,"column":31}},"6":{"start":{"line":30,"column":20},"end":{"line":57,"column":1}},"7":{"start":{"line":31,"column":28},"end":{"line":31,"column":52}},"8":{"start":{"line":32,"column":20},"end":{"line":34,"column":8}},"9":{"start":{"line":35,"column":19},"end":{"line":37,"column":23}},"10":{"start":{"line":39,"column":2},"end":{"line":56,"column":4}},"11":{"start":{"line":59,"column":21},"end":{"line":61,"column":1}},"12":{"start":{"line":60,"column":2},"end":{"line":60,"column":79}},"13":{"start":{"line":60,"column":53},"end":{"line":60,"column":63}},"14":{"start":{"line":63,"column":25},"end":{"line":72,"column":1}},"15":{"start":{"line":64,"column":2},"end":{"line":71,"column":3}},"16":{"start":{"line":66,"column":6},"end":{"line":66,"column":23}},"17":{"start":{"line":68,"column":6},"end":{"line":68,"column":24}},"18":{"start":{"line":70,"column":6},"end":{"line":70,"column":23}},"19":{"start":{"line":76,"column":4},"end":{"line":76,"column":29}},"20":{"start":{"line":77,"column":4},"end":{"line":77,"column":33}},"21":{"start":{"line":78,"column":4},"end":{"line":78,"column":23}},"22":{"start":{"line":79,"column":4},"end":{"line":79,"column":72}},"23":{"start":{"line":79,"column":35},"end":{"line":79,"column":70}},"24":{"start":{"line":80,"column":4},"end":{"line":80,"column":72}},"25":{"start":{"line":80,"column":35},"end":{"line":80,"column":70}},"26":{"start":{"line":81,"column":4},"end":{"line":81,"column":72}},"27":{"start":{"line":81,"column":35},"end":{"line":81,"column":70}},"28":{"start":{"line":82,"column":4},"end":{"line":82,"column":45}},"29":{"start":{"line":85,"column":23},"end":{"line":95,"column":3}},"30":{"start":{"line":86,"column":20},"end":{"line":86,"column":58}},"31":{"start":{"line":87,"column":21},"end":{"line":87,"column":69}},"32":{"start":{"line":88,"column":4},"end":{"line":92,"column":8}},"33":{"start":{"line":93,"column":4},"end":{"line":94,"column":43}},"34":{"start":{"line":94,"column":6},"end":{"line":94,"column":43}},"35":{"start":{"line":98,"column":4},"end":{"line":100,"column":5}},"36":{"start":{"line":99,"column":6},"end":{"line":99,"column":23}},"37":{"start":{"line":102,"column":4},"end":{"line":104,"column":5}},"38":{"start":{"line":103,"column":6},"end":{"line":103,"column":24}},"39":{"start":{"line":106,"column":4},"end":{"line":121,"column":5}},"40":{"start":{"line":107,"column":6},"end":{"line":109,"column":9}},"41":{"start":{"line":108,"column":8},"end":{"line":108,"column":62}},"42":{"start":{"line":110,"column":6},"end":{"line":110,"column":63}},"43":{"start":{"line":111,"column":6},"end":{"line":111,"column":70}},"44":{"start":{"line":112,"column":6},"end":{"line":112,"column":53}},"45":{"start":{"line":114,"column":6},"end":{"line":114,"column":63}},"46":{"start":{"line":116,"column":6},"end":{"line":118,"column":9}},"47":{"start":{"line":119,"column":6},"end":{"line":119,"column":53}},"48":{"start":{"line":120,"column":6},"end":{"line":120,"column":23}},"49":{"start":{"line":122,"column":4},"end":{"line":122,"column":52}},"50":{"start":{"line":123,"column":4},"end":{"line":123,"column":73}},"51":{"start":{"line":123,"column":39},"end":{"line":123,"column":71}},"52":{"start":{"line":124,"column":4},"end":{"line":124,"column":73}},"53":{"start":{"line":124,"column":39},"end":{"line":124,"column":71}},"54":{"start":{"line":127,"column":23},"end":{"line":135,"column":3}},"55":{"start":{"line":128,"column":20},"end":{"line":132,"column":5}},"56":{"start":{"line":133,"column":4},"end":{"line":133,"column":29}},"57":{"start":{"line":134,"column":4},"end":{"line":134,"column":46}},"58":{"start":{"line":137,"column":23},"end":{"line":145,"column":3}},"59":{"start":{"line":138,"column":20},"end":{"line":142,"column":5}},"60":{"start":{"line":143,"column":4},"end":{"line":143,"column":29}},"61":{"start":{"line":144,"column":4},"end":{"line":144,"column":46}},"62":{"start":{"line":148,"column":4},"end":{"line":150,"column":5}},"63":{"start":{"line":149,"column":6},"end":{"line":149,"column":23}},"64":{"start":{"line":151,"column":4},"end":{"line":153,"column":5}},"65":{"start":{"line":152,"column":6},"end":{"line":152,"column":25}},"66":{"start":{"line":154,"column":4},"end":{"line":163,"column":5}},"67":{"start":{"line":155,"column":6},"end":{"line":155,"column":71}},"68":{"start":{"line":156,"column":6},"end":{"line":158,"column":8}},"69":{"start":{"line":159,"column":6},"end":{"line":159,"column":21}},"70":{"start":{"line":161,"column":6},"end":{"line":161,"column":72}},"71":{"start":{"line":162,"column":6},"end":{"line":162,"column":57}},"72":{"start":{"line":165,"column":4},"end":{"line":169,"column":7}},"73":{"start":{"line":166,"column":6},"end":{"line":168,"column":9}},"74":{"start":{"line":167,"column":8},"end":{"line":167,"column":46}},"75":{"start":{"line":171,"column":4},"end":{"line":171,"column":17}},"76":{"start":{"line":174,"column":21},"end":{"line":192,"column":3}},"77":{"start":{"line":175,"column":4},"end":{"line":191,"column":5}},"78":{"start":{"line":176,"column":6},"end":{"line":190,"column":11}},"79":{"start":{"line":180,"column":24},"end":{"line":185,"column":13}},"80":{"start":{"line":180,"column":57},"end":{"line":185,"column":11}},"81":{"start":{"line":186,"column":10},"end":{"line":186,"column":23}},"82":{"start":{"line":189,"column":10},"end":{"line":189,"column":22}}},"fnMap":{"0":{"name":"(anonymous_0)","decl":{"start":{"line":8,"column":29},"end":{"line":8,"column":30}},"loc":{"start":{"line":8,"column":47},"end":{"line":28,"column":1}},"line":8},"1":{"name":"(anonymous_1)","decl":{"start":{"line":10,"column":18},"end":{"line":10,"column":19}},"loc":{"start":{"line":10,"column":28},"end":{"line":26,"column":7}},"line":10},"2":{"name":"(anonymous_2)","decl":{"start":{"line":30,"column":20},"end":{"line":30,"column":21}},"loc":{"start":{"line":30,"column":30},"end":{"line":57,"column":1}},"line":30},"3":{"name":"(anonymous_3)","decl":{"start":{"line":59,"column":21},"end":{"line":59,"column":22}},"loc":{"start":{"line":59,"column":32},"end":{"line":61,"column":1}},"line":59},"4":{"name":"(anonymous_4)","decl":{"start":{"line":60,"column":43},"end":{"line":60,"column":44}},"loc":{"start":{"line":60,"column":53},"end":{"line":60,"column":63}},"line":60},"5":{"name":"(anonymous_5)","decl":{"start":{"line":63,"column":25},"end":{"line":63,"column":26}},"loc":{"start":{"line":63,"column":36},"end":{"line":72,"column":1}},"line":63},"6":{"name":"(anonymous_6)","decl":{"start":{"line":75,"column":2},"end":{"line":75,"column":3}},"loc":{"start":{"line":75,"column":68},"end":{"line":83,"column":3}},"line":75},"7":{"name":"(anonymous_7)","decl":{"start":{"line":79,"column":28},"end":{"line":79,"column":29}},"loc":{"start":{"line":79,"column":35},"end":{"line":79,"column":70}},"line":79},"8":{"name":"(anonymous_8)","decl":{"start":{"line":80,"column":28},"end":{"line":80,"column":29}},"loc":{"start":{"line":80,"column":35},"end":{"line":80,"column":70}},"line":80},"9":{"name":"(anonymous_9)","decl":{"start":{"line":81,"column":28},"end":{"line":81,"column":29}},"loc":{"start":{"line":81,"column":35},"end":{"line":81,"column":70}},"line":81},"10":{"name":"(anonymous_10)","decl":{"start":{"line":85,"column":23},"end":{"line":85,"column":24}},"loc":{"start":{"line":85,"column":29},"end":{"line":95,"column":3}},"line":85},"11":{"name":"(anonymous_11)","decl":{"start":{"line":97,"column":2},"end":{"line":97,"column":3}},"loc":{"start":{"line":97,"column":35},"end":{"line":125,"column":3}},"line":97},"12":{"name":"(anonymous_12)","decl":{"start":{"line":107,"column":20},"end":{"line":107,"column":21}},"loc":{"start":{"line":107,"column":27},"end":{"line":109,"column":7}},"line":107},"13":{"name":"(anonymous_13)","decl":{"start":{"line":123,"column":32},"end":{"line":123,"column":33}},"loc":{"start":{"line":123,"column":39},"end":{"line":123,"column":71}},"line":123},"14":{"name":"(anonymous_14)","decl":{"start":{"line":124,"column":32},"end":{"line":124,"column":33}},"loc":{"start":{"line":124,"column":39},"end":{"line":124,"column":71}},"line":124},"15":{"name":"(anonymous_15)","decl":{"start":{"line":127,"column":23},"end":{"line":127,"column":24}},"loc":{"start":{"line":127,"column":36},"end":{"line":135,"column":3}},"line":127},"16":{"name":"(anonymous_16)","decl":{"start":{"line":137,"column":23},"end":{"line":137,"column":24}},"loc":{"start":{"line":137,"column":36},"end":{"line":145,"column":3}},"line":137},"17":{"name":"(anonymous_17)","decl":{"start":{"line":147,"column":2},"end":{"line":147,"column":3}},"loc":{"start":{"line":147,"column":37},"end":{"line":172,"column":3}},"line":147},"18":{"name":"(anonymous_18)","decl":{"start":{"line":165,"column":18},"end":{"line":165,"column":19}},"loc":{"start":{"line":165,"column":28},"end":{"line":169,"column":5}},"line":165},"19":{"name":"(anonymous_19)","decl":{"start":{"line":166,"column":38},"end":{"line":166,"column":39}},"loc":{"start":{"line":166,"column":45},"end":{"line":168,"column":7}},"line":166},"20":{"name":"(anonymous_20)","decl":{"start":{"line":174,"column":21},"end":{"line":174,"column":22}},"loc":{"start":{"line":174,"column":27},"end":{"line":192,"column":3}},"line":174},"21":{"name":"(anonymous_21)","decl":{"start":{"line":179,"column":14},"end":{"line":179,"column":15}},"loc":{"start":{"line":179,"column":28},"end":{"line":187,"column":9}},"line":179},"22":{"name":"(anonymous_22)","decl":{"start":{"line":180,"column":47},"end":{"line":180,"column":48}},"loc":{"start":{"line":180,"column":57},"end":{"line":185,"column":11}},"line":180},"23":{"name":"(anonymous_23)","decl":{"start":{"line":188,"column":15},"end":{"line":188,"column":16}},"loc":{"start":{"line":188,"column":26},"end":{"line":190,"column":9}},"line":188}},"branchMap":{"0":{"loc":{"start":{"line":9,"column":9},"end":{"line":27,"column":8}},"type":"cond-expr","locations":[{"start":{"line":10,"column":6},"end":{"line":26,"column":8}},{"start":{"line":27,"column":6},"end":{"line":27,"column":8}}],"line":9},"1":{"loc":{"start":{"line":9,"column":9},"end":{"line":9,"column":28}},"type":"binary-expr","locations":[{"start":{"line":9,"column":9},"end":{"line":9,"column":13}},{"start":{"line":9,"column":17},"end":{"line":9,"column":28}}],"line":9},"2":{"loc":{"start":{"line":14,"column":8},"end":{"line":23,"column":9}},"type":"if","locations":[{"start":{"line":14,"column":8},"end":{"line":23,"column":9}},{"start":{"line":14,"column":8},"end":{"line":23,"column":9}}],"line":14},"3":{"loc":{"start":{"line":21,"column":12},"end":{"line":22,"column":60}},"type":"binary-expr","locations":[{"start":{"line":21,"column":12},"end":{"line":21,"column":34}},{"start":{"line":22,"column":12},"end":{"line":22,"column":60}}],"line":21},"4":{"loc":{"start":{"line":32,"column":20},"end":{"line":34,"column":8}},"type":"cond-expr","locations":[{"start":{"line":33,"column":6},"end":{"line":33,"column":37}},{"start":{"line":34,"column":6},"end":{"line":34,"column":8}}],"line":32},"5":{"loc":{"start":{"line":35,"column":19},"end":{"line":37,"column":23}},"type":"cond-expr","locations":[{"start":{"line":36,"column":6},"end":{"line":36,"column":37}},{"start":{"line":37,"column":6},"end":{"line":37,"column":23}}],"line":35},"6":{"loc":{"start":{"line":60,"column":9},"end":{"line":60,"column":78}},"type":"cond-expr","locations":[{"start":{"line":60,"column":33},"end":{"line":60,"column":73}},{"start":{"line":60,"column":76},"end":{"line":60,"column":78}}],"line":60},"7":{"loc":{"start":{"line":60,"column":9},"end":{"line":60,"column":30}},"type":"binary-expr","locations":[{"start":{"line":60,"column":9},"end":{"line":60,"column":14}},{"start":{"line":60,"column":18},"end":{"line":60,"column":30}}],"line":60},"8":{"loc":{"start":{"line":64,"column":2},"end":{"line":71,"column":3}},"type":"switch","locations":[{"start":{"line":65,"column":4},"end":{"line":66,"column":23}},{"start":{"line":67,"column":4},"end":{"line":68,"column":24}},{"start":{"line":69,"column":4},"end":{"line":70,"column":23}}],"line":64},"9":{"loc":{"start":{"line":93,"column":4},"end":{"line":94,"column":43}},"type":"if","locations":[{"start":{"line":93,"column":4},"end":{"line":94,"column":43}},{"start":{"line":93,"column":4},"end":{"line":94,"column":43}}],"line":93},"10":{"loc":{"start":{"line":98,"column":4},"end":{"line":100,"column":5}},"type":"if","locations":[{"start":{"line":98,"column":4},"end":{"line":100,"column":5}},{"start":{"line":98,"column":4},"end":{"line":100,"column":5}}],"line":98},"11":{"loc":{"start":{"line":98,"column":8},"end":{"line":98,"column":57}},"type":"binary-expr","locations":[{"start":{"line":98,"column":8},"end":{"line":98,"column":34}},{"start":{"line":98,"column":38},"end":{"line":98,"column":57}}],"line":98},"12":{"loc":{"start":{"line":102,"column":4},"end":{"line":104,"column":5}},"type":"if","locations":[{"start":{"line":102,"column":4},"end":{"line":104,"column":5}},{"start":{"line":102,"column":4},"end":{"line":104,"column":5}}],"line":102},"13":{"loc":{"start":{"line":102,"column":8},"end":{"line":102,"column":52}},"type":"binary-expr","locations":[{"start":{"line":102,"column":8},"end":{"line":102,"column":29}},{"start":{"line":102,"column":33},"end":{"line":102,"column":52}}],"line":102},"14":{"loc":{"start":{"line":106,"column":4},"end":{"line":121,"column":5}},"type":"if","locations":[{"start":{"line":106,"column":4},"end":{"line":121,"column":5}},{"start":{"line":106,"column":4},"end":{"line":121,"column":5}}],"line":106},"15":{"loc":{"start":{"line":148,"column":4},"end":{"line":150,"column":5}},"type":"if","locations":[{"start":{"line":148,"column":4},"end":{"line":150,"column":5}},{"start":{"line":148,"column":4},"end":{"line":150,"column":5}}],"line":148},"16":{"loc":{"start":{"line":148,"column":8},"end":{"line":148,"column":58}},"type":"binary-expr","locations":[{"start":{"line":148,"column":8},"end":{"line":148,"column":34}},{"start":{"line":148,"column":38},"end":{"line":148,"column":58}}],"line":148},"17":{"loc":{"start":{"line":151,"column":4},"end":{"line":153,"column":5}},"type":"if","locations":[{"start":{"line":151,"column":4},"end":{"line":153,"column":5}},{"start":{"line":151,"column":4},"end":{"line":153,"column":5}}],"line":151},"18":{"loc":{"start":{"line":151,"column":8},"end":{"line":151,"column":56}},"type":"binary-expr","locations":[{"start":{"line":151,"column":8},"end":{"line":151,"column":32}},{"start":{"line":151,"column":36},"end":{"line":151,"column":56}}],"line":151},"19":{"loc":{"start":{"line":154,"column":4},"end":{"line":163,"column":5}},"type":"if","locations":[{"start":{"line":154,"column":4},"end":{"line":163,"column":5}},{"start":{"line":154,"column":4},"end":{"line":163,"column":5}}],"line":154},"20":{"loc":{"start":{"line":175,"column":4},"end":{"line":191,"column":5}},"type":"if","locations":[{"start":{"line":175,"column":4},"end":{"line":191,"column":5}},{"start":{"line":175,"column":4},"end":{"line":191,"column":5}}],"line":175}},"s":{"0":6,"1":44,"2":104,"3":104,"4":0,"5":104,"6":6,"7":6,"8":6,"9":6,"10":6,"11":6,"12":6,"13":6,"14":6,"15":5,"16":3,"17":1,"18":1,"19":14,"20":14,"21":14,"22":14,"23":0,"24":14,"25":0,"26":14,"27":0,"28":14,"29":14,"30":1,"31":1,"32":1,"33":1,"34":0,"35":3,"36":2,"37":3,"38":2,"39":3,"40":3,"41":12,"42":3,"43":3,"44":3,"45":0,"46":0,"47":0,"48":0,"49":3,"50":3,"51":0,"52":3,"53":0,"54":14,"55":1,"56":1,"57":1,"58":14,"59":1,"60":1,"61":1,"62":5,"63":5,"64":5,"65":5,"66":5,"67":5,"68":5,"69":5,"70":0,"71":0,"72":5,"73":20,"74":3,"75":5,"76":14,"77":5,"78":5,"79":3,"80":12,"81":3,"82":2},"f":{"0":44,"1":104,"2":6,"3":6,"4":6,"5":5,"6":14,"7":0,"8":0,"9":0,"10":1,"11":3,"12":12,"13":0,"14":0,"15":1,"16":1,"17":5,"18":20,"19":3,"20":5,"21":3,"22":12,"23":2},"b":{"0":[26,18],"1":[44,26],"2":[104,0],"3":[0,0],"4":[0,6],"5":[0,6],"6":[5,1],"7":[6,6],"8":[3,1,1],"9":[0,1],"10":[2,1],"11":[3,3],"12":[2,1],"13":[3,1],"14":[3,0],"15":[5,0],"16":[5,2],"17":[5,0],"18":[5,2],"19":[5,0],"20":[5,0]},"_coverageSchema":"1a1c01bbd47fc00a2c39e90264f33305004495a9","hash":"ecbcb11e1ab9bf4329ac6b7e6d4aa1f3465bcb61"}
,"C:\\Users\\natha\\Desktop\\Formations\\Formation JS React\\Projet 9\\Billed-app-FR-Front\\src\\containers\\Login.js": {"path":"C:\\Users\\natha\\Desktop\\Formations\\Formation JS React\\Projet 9\\Billed-app-FR-Front\\src\\containers\\Login.js","statementMap":{"0":{"start":{"line":2,"column":31},"end":{"line":2,"column":33}},"1":{"start":{"line":13,"column":4},"end":{"line":13,"column":29}},"2":{"start":{"line":14,"column":4},"end":{"line":14,"column":37}},"3":{"start":{"line":15,"column":4},"end":{"line":15,"column":33}},"4":{"start":{"line":16,"column":4},"end":{"line":16,"column":47}},"5":{"start":{"line":17,"column":4},"end":{"line":17,"column":23}},"6":{"start":{"line":18,"column":25},"end":{"line":20,"column":5}},"7":{"start":{"line":21,"column":4},"end":{"line":21,"column":71}},"8":{"start":{"line":22,"column":22},"end":{"line":24,"column":5}},"9":{"start":{"line":25,"column":4},"end":{"line":25,"column":65}},"10":{"start":{"line":27,"column":25},"end":{"line":47,"column":3}},"11":{"start":{"line":28,"column":4},"end":{"line":28,"column":23}},"12":{"start":{"line":29,"column":17},"end":{"line":37,"column":5}},"13":{"start":{"line":38,"column":4},"end":{"line":38,"column":60}},"14":{"start":{"line":39,"column":4},"end":{"line":46,"column":9}},"15":{"start":{"line":40,"column":22},"end":{"line":40,"column":43}},"16":{"start":{"line":42,"column":8},"end":{"line":42,"column":46}},"17":{"start":{"line":43,"column":8},"end":{"line":43,"column":54}},"18":{"start":{"line":44,"column":8},"end":{"line":44,"column":51}},"19":{"start":{"line":45,"column":8},"end":{"line":45,"column":58}},"20":{"start":{"line":49,"column":22},"end":{"line":72,"column":3}},"21":{"start":{"line":50,"column":4},"end":{"line":50,"column":23}},"22":{"start":{"line":51,"column":17},"end":{"line":59,"column":5}},"23":{"start":{"line":60,"column":4},"end":{"line":60,"column":60}},"24":{"start":{"line":61,"column":4},"end":{"line":71,"column":9}},"25":{"start":{"line":63,"column":8},"end":{"line":63,"column":25}},"26":{"start":{"line":64,"column":8},"end":{"line":64,"column":30}},"27":{"start":{"line":67,"column":8},"end":{"line":67,"column":50}},"28":{"start":{"line":68,"column":8},"end":{"line":68,"column":58}},"29":{"start":{"line":69,"column":8},"end":{"line":69,"column":51}},"30":{"start":{"line":70,"column":8},"end":{"line":70,"column":53}},"31":{"start":{"line":75,"column":10},"end":{"line":90,"column":3}},"32":{"start":{"line":76,"column":4},"end":{"line":89,"column":5}},"33":{"start":{"line":77,"column":6},"end":{"line":86,"column":11}},"34":{"start":{"line":85,"column":10},"end":{"line":85,"column":43}},"35":{"start":{"line":88,"column":6},"end":{"line":88,"column":18}},"36":{"start":{"line":93,"column":15},"end":{"line":112,"column":3}},"37":{"start":{"line":94,"column":4},"end":{"line":111,"column":5}},"38":{"start":{"line":95,"column":6},"end":{"line":108,"column":11}},"39":{"start":{"line":106,"column":10},"end":{"line":106,"column":60}},"40":{"start":{"line":107,"column":10},"end":{"line":107,"column":34}},"41":{"start":{"line":110,"column":6},"end":{"line":110,"column":18}}},"fnMap":{"0":{"name":"(anonymous_0)","decl":{"start":{"line":6,"column":2},"end":{"line":6,"column":3}},"loc":{"start":{"line":12,"column":5},"end":{"line":26,"column":3}},"line":12},"1":{"name":"(anonymous_1)","decl":{"start":{"line":27,"column":25},"end":{"line":27,"column":26}},"loc":{"start":{"line":27,"column":32},"end":{"line":47,"column":3}},"line":27},"2":{"name":"(anonymous_2)","decl":{"start":{"line":40,"column":13},"end":{"line":40,"column":14}},"loc":{"start":{"line":40,"column":22},"end":{"line":40,"column":43}},"line":40},"3":{"name":"(anonymous_3)","decl":{"start":{"line":41,"column":12},"end":{"line":41,"column":13}},"loc":{"start":{"line":41,"column":18},"end":{"line":46,"column":7}},"line":41},"4":{"name":"(anonymous_4)","decl":{"start":{"line":49,"column":22},"end":{"line":49,"column":23}},"loc":{"start":{"line":49,"column":29},"end":{"line":72,"column":3}},"line":49},"5":{"name":"(anonymous_5)","decl":{"start":{"line":62,"column":13},"end":{"line":62,"column":14}},"loc":{"start":{"line":62,"column":22},"end":{"line":65,"column":7}},"line":62},"6":{"name":"(anonymous_6)","decl":{"start":{"line":66,"column":12},"end":{"line":66,"column":13}},"loc":{"start":{"line":66,"column":18},"end":{"line":71,"column":7}},"line":66},"7":{"name":"(anonymous_7)","decl":{"start":{"line":75,"column":10},"end":{"line":75,"column":11}},"loc":{"start":{"line":75,"column":20},"end":{"line":90,"column":3}},"line":75},"8":{"name":"(anonymous_8)","decl":{"start":{"line":84,"column":14},"end":{"line":84,"column":15}},"loc":{"start":{"line":84,"column":27},"end":{"line":86,"column":9}},"line":84},"9":{"name":"(anonymous_9)","decl":{"start":{"line":93,"column":15},"end":{"line":93,"column":16}},"loc":{"start":{"line":93,"column":25},"end":{"line":112,"column":3}},"line":93},"10":{"name":"(anonymous_10)","decl":{"start":{"line":105,"column":14},"end":{"line":105,"column":15}},"loc":{"start":{"line":105,"column":20},"end":{"line":108,"column":9}},"line":105}},"branchMap":{"0":{"loc":{"start":{"line":76,"column":4},"end":{"line":89,"column":5}},"type":"if","locations":[{"start":{"line":76,"column":4},"end":{"line":89,"column":5}},{"start":{"line":76,"column":4},"end":{"line":89,"column":5}}],"line":76},"1":{"loc":{"start":{"line":94,"column":4},"end":{"line":111,"column":5}},"type":"if","locations":[{"start":{"line":94,"column":4},"end":{"line":111,"column":5}},{"start":{"line":94,"column":4},"end":{"line":111,"column":5}}],"line":94}},"s":{"0":3,"1":4,"2":4,"3":4,"4":4,"5":4,"6":4,"7":4,"8":4,"9":4,"10":4,"11":2,"12":2,"13":2,"14":2,"15":0,"16":2,"17":2,"18":2,"19":2,"20":4,"21":2,"22":2,"23":2,"24":2,"25":0,"26":0,"27":2,"28":2,"29":2,"30":2,"31":4,"32":0,"33":0,"34":0,"35":0,"36":4,"37":0,"38":0,"39":0,"40":0,"41":0},"f":{"0":4,"1":2,"2":0,"3":2,"4":2,"5":0,"6":2,"7":0,"8":0,"9":0,"10":0},"b":{"0":[0,0],"1":[0,0]},"_coverageSchema":"1a1c01bbd47fc00a2c39e90264f33305004495a9","hash":"b5afa933a09e87efa2bb7e9eb8bd38466d7b569a"}
,"C:\\Users\\natha\\Desktop\\Formations\\Formation JS React\\Projet 9\\Billed-app-FR-Front\\src\\containers\\Logout.js": {"path":"C:\\Users\\natha\\Desktop\\Formations\\Formation JS React\\Projet 9\\Billed-app-FR-Front\\src\\containers\\Logout.js","statementMap":{"0":{"start":{"line":5,"column":4},"end":{"line":5,"column":28}},"1":{"start":{"line":6,"column":4},"end":{"line":6,"column":32}},"2":{"start":{"line":7,"column":4},"end":{"line":7,"column":36}},"3":{"start":{"line":8,"column":4},"end":{"line":8,"column":51}},"4":{"start":{"line":11,"column":16},"end":{"line":14,"column":3}},"5":{"start":{"line":12,"column":4},"end":{"line":12,"column":29}},"6":{"start":{"line":13,"column":4},"end":{"line":13,"column":41}}},"fnMap":{"0":{"name":"(anonymous_0)","decl":{"start":{"line":4,"column":2},"end":{"line":4,"column":3}},"loc":{"start":{"line":4,"column":54},"end":{"line":9,"column":3}},"line":4},"1":{"name":"(anonymous_1)","decl":{"start":{"line":11,"column":16},"end":{"line":11,"column":17}},"loc":{"start":{"line":11,"column":23},"end":{"line":14,"column":3}},"line":11}},"branchMap":{},"s":{"0":21,"1":21,"2":21,"3":21,"4":21,"5":2,"6":2},"f":{"0":21,"1":2},"b":{},"_coverageSchema":"1a1c01bbd47fc00a2c39e90264f33305004495a9","hash":"8be3e4cfeacd48cd5678660ec22873b2ab34bb4f"}
,"C:\\Users\\natha\\Desktop\\Formations\\Formation JS React\\Projet 9\\Billed-app-FR-Front\\src\\containers\\NewBill.js": {"path":"C:\\Users\\natha\\Desktop\\Formations\\Formation JS React\\Projet 9\\Billed-app-FR-Front\\src\\containers\\NewBill.js","statementMap":{"0":{"start":{"line":6,"column":4},"end":{"line":6,"column":29}},"1":{"start":{"line":7,"column":4},"end":{"line":7,"column":33}},"2":{"start":{"line":8,"column":4},"end":{"line":8,"column":23}},"3":{"start":{"line":9,"column":24},"end":{"line":11,"column":5}},"4":{"start":{"line":12,"column":4},"end":{"line":12,"column":62}},"5":{"start":{"line":13,"column":17},"end":{"line":13,"column":73}},"6":{"start":{"line":14,"column":4},"end":{"line":14,"column":59}},"7":{"start":{"line":15,"column":4},"end":{"line":15,"column":24}},"8":{"start":{"line":16,"column":4},"end":{"line":16,"column":25}},"9":{"start":{"line":17,"column":4},"end":{"line":17,"column":23}},"10":{"start":{"line":18,"column":4},"end":{"line":18,"column":55}},"11":{"start":{"line":20,"column":21},"end":{"line":46,"column":3}},"12":{"start":{"line":21,"column":4},"end":{"line":21,"column":23}},"13":{"start":{"line":22,"column":17},"end":{"line":23,"column":15}},"14":{"start":{"line":24,"column":21},"end":{"line":24,"column":48}},"15":{"start":{"line":25,"column":21},"end":{"line":25,"column":50}},"16":{"start":{"line":26,"column":21},"end":{"line":26,"column":35}},"17":{"start":{"line":27,"column":18},"end":{"line":27,"column":64}},"18":{"start":{"line":28,"column":4},"end":{"line":28,"column":34}},"19":{"start":{"line":29,"column":4},"end":{"line":29,"column":36}},"20":{"start":{"line":31,"column":4},"end":{"line":45,"column":46}},"21":{"start":{"line":40,"column":8},"end":{"line":40,"column":29}},"22":{"start":{"line":41,"column":8},"end":{"line":41,"column":26}},"23":{"start":{"line":42,"column":8},"end":{"line":42,"column":31}},"24":{"start":{"line":43,"column":8},"end":{"line":43,"column":33}},"25":{"start":{"line":45,"column":24},"end":{"line":45,"column":44}},"26":{"start":{"line":47,"column":17},"end":{"line":73,"column":3}},"27":{"start":{"line":48,"column":4},"end":{"line":48,"column":23}},"28":{"start":{"line":49,"column":18},"end":{"line":49,"column":64}},"29":{"start":{"line":50,"column":17},"end":{"line":67,"column":5}},"30":{"start":{"line":69,"column":4},"end":{"line":69,"column":22}},"31":{"start":{"line":71,"column":4},"end":{"line":71,"column":26}},"32":{"start":{"line":72,"column":4},"end":{"line":72,"column":42}},"33":{"start":{"line":76,"column":15},"end":{"line":86,"column":3}},"34":{"start":{"line":77,"column":4},"end":{"line":85,"column":5}},"35":{"start":{"line":78,"column":6},"end":{"line":84,"column":48}},"36":{"start":{"line":82,"column":10},"end":{"line":82,"column":48}},"37":{"start":{"line":84,"column":26},"end":{"line":84,"column":46}}},"fnMap":{"0":{"name":"(anonymous_0)","decl":{"start":{"line":5,"column":2},"end":{"line":5,"column":3}},"loc":{"start":{"line":5,"column":61},"end":{"line":19,"column":3}},"line":5},"1":{"name":"(anonymous_1)","decl":{"start":{"line":20,"column":21},"end":{"line":20,"column":22}},"loc":{"start":{"line":20,"column":28},"end":{"line":46,"column":3}},"line":20},"2":{"name":"(anonymous_2)","decl":{"start":{"line":39,"column":12},"end":{"line":39,"column":13}},"loc":{"start":{"line":39,"column":34},"end":{"line":44,"column":7}},"line":39},"3":{"name":"(anonymous_3)","decl":{"start":{"line":45,"column":13},"end":{"line":45,"column":14}},"loc":{"start":{"line":45,"column":24},"end":{"line":45,"column":44}},"line":45},"4":{"name":"(anonymous_4)","decl":{"start":{"line":47,"column":17},"end":{"line":47,"column":18}},"loc":{"start":{"line":47,"column":24},"end":{"line":73,"column":3}},"line":47},"5":{"name":"(anonymous_5)","decl":{"start":{"line":76,"column":15},"end":{"line":76,"column":16}},"loc":{"start":{"line":76,"column":25},"end":{"line":86,"column":3}},"line":76},"6":{"name":"(anonymous_6)","decl":{"start":{"line":81,"column":14},"end":{"line":81,"column":15}},"loc":{"start":{"line":81,"column":20},"end":{"line":83,"column":9}},"line":81},"7":{"name":"(anonymous_7)","decl":{"start":{"line":84,"column":15},"end":{"line":84,"column":16}},"loc":{"start":{"line":84,"column":26},"end":{"line":84,"column":46}},"line":84}},"branchMap":{"0":{"loc":{"start":{"line":60,"column":8},"end":{"line":61,"column":10}},"type":"binary-expr","locations":[{"start":{"line":60,"column":8},"end":{"line":60,"column":74}},{"start":{"line":61,"column":8},"end":{"line":61,"column":10}}],"line":60},"1":{"loc":{"start":{"line":77,"column":4},"end":{"line":85,"column":5}},"type":"if","locations":[{"start":{"line":77,"column":4},"end":{"line":85,"column":5}},{"start":{"line":77,"column":4},"end":{"line":85,"column":5}}],"line":77}},"s":{"0":2,"1":2,"2":2,"3":2,"4":2,"5":2,"6":2,"7":2,"8":2,"9":2,"10":2,"11":2,"12":1,"13":1,"14":1,"15":1,"16":1,"17":1,"18":1,"19":1,"20":1,"21":0,"22":0,"23":0,"24":0,"25":1,"26":2,"27":2,"28":2,"29":2,"30":2,"31":2,"32":2,"33":2,"34":2,"35":0,"36":0,"37":0},"f":{"0":2,"1":1,"2":0,"3":1,"4":2,"5":2,"6":0,"7":0},"b":{"0":[2,0],"1":[0,2]},"_coverageSchema":"1a1c01bbd47fc00a2c39e90264f33305004495a9","hash":"808747c251929d3e14e56ef686105323a61efe7f"}
,"C:\\Users\\natha\\Desktop\\Formations\\Formation JS React\\Projet 9\\Billed-app-FR-Front\\src\\views\\Actions.js": {"path":"C:\\Users\\natha\\Desktop\\Formations\\Formation JS React\\Projet 9\\Billed-app-FR-Front\\src\\views\\Actions.js","statementMap":{"0":{"start":{"line":5,"column":2},"end":{"line":11,"column":3}}},"fnMap":{"0":{"name":"(anonymous_0)","decl":{"start":{"line":4,"column":15},"end":{"line":4,"column":16}},"loc":{"start":{"line":4,"column":28},"end":{"line":12,"column":1}},"line":4}},"branchMap":{},"s":{"0":10},"f":{"0":10},"b":{},"_coverageSchema":"1a1c01bbd47fc00a2c39e90264f33305004495a9","hash":"7f5d0eeca36656a31b503aa1f0699b719e675d57"}
,"C:\\Users\\natha\\Desktop\\Formations\\Formation JS React\\Projet 9\\Billed-app-FR-Front\\src\\views\\BillsUI.js": {"path":"C:\\Users\\natha\\Desktop\\Formations\\Formation JS React\\Projet 9\\Billed-app-FR-Front\\src\\views\\BillsUI.js","statementMap":{"0":{"start":{"line":7,"column":12},"end":{"line":20,"column":1}},"1":{"start":{"line":8,"column":2},"end":{"line":19,"column":6}},"2":{"start":{"line":22,"column":13},"end":{"line":30,"column":1}},"3":{"start":{"line":23,"column":2},"end":{"line":29,"column":9}},"4":{"start":{"line":25,"column":24},"end":{"line":25,"column":59}},"5":{"start":{"line":27,"column":23},"end":{"line":27,"column":32}},"6":{"start":{"line":33,"column":16},"end":{"line":48,"column":3}},"7":{"start":{"line":33,"column":22},"end":{"line":48,"column":3}},"8":{"start":{"line":50,"column":2},"end":{"line":54,"column":3}},"9":{"start":{"line":51,"column":4},"end":{"line":51,"column":25}},"10":{"start":{"line":52,"column":9},"end":{"line":54,"column":3}},"11":{"start":{"line":53,"column":4},"end":{"line":53,"column":28}},"12":{"start":{"line":56,"column":2},"end":{"line":83,"column":12}}},"fnMap":{"0":{"name":"(anonymous_0)","decl":{"start":{"line":7,"column":12},"end":{"line":7,"column":13}},"loc":{"start":{"line":7,"column":22},"end":{"line":20,"column":1}},"line":7},"1":{"name":"(anonymous_1)","decl":{"start":{"line":22,"column":13},"end":{"line":22,"column":14}},"loc":{"start":{"line":22,"column":23},"end":{"line":30,"column":1}},"line":22},"2":{"name":"(anonymous_2)","decl":{"start":{"line":25,"column":14},"end":{"line":25,"column":15}},"loc":{"start":{"line":25,"column":24},"end":{"line":25,"column":59}},"line":25},"3":{"name":"(anonymous_3)","decl":{"start":{"line":27,"column":13},"end":{"line":27,"column":14}},"loc":{"start":{"line":27,"column":23},"end":{"line":27,"column":32}},"line":27},"4":{"name":"(anonymous_4)","decl":{"start":{"line":32,"column":15},"end":{"line":32,"column":16}},"loc":{"start":{"line":32,"column":52},"end":{"line":84,"column":1}},"line":32},"5":{"name":"(anonymous_5)","decl":{"start":{"line":33,"column":16},"end":{"line":33,"column":17}},"loc":{"start":{"line":33,"column":22},"end":{"line":48,"column":3}},"line":33}},"branchMap":{"0":{"loc":{"start":{"line":23,"column":9},"end":{"line":29,"column":8}},"type":"cond-expr","locations":[{"start":{"line":24,"column":6},"end":{"line":28,"column":17}},{"start":{"line":29,"column":6},"end":{"line":29,"column":8}}],"line":23},"1":{"loc":{"start":{"line":23,"column":9},"end":{"line":23,"column":28}},"type":"binary-expr","locations":[{"start":{"line":23,"column":9},"end":{"line":23,"column":13}},{"start":{"line":23,"column":17},"end":{"line":23,"column":28}}],"line":23},"2":{"loc":{"start":{"line":50,"column":2},"end":{"line":54,"column":3}},"type":"if","locations":[{"start":{"line":50,"column":2},"end":{"line":54,"column":3}},{"start":{"line":50,"column":2},"end":{"line":54,"column":3}}],"line":50},"3":{"loc":{"start":{"line":52,"column":9},"end":{"line":54,"column":3}},"type":"if","locations":[{"start":{"line":52,"column":9},"end":{"line":54,"column":3}},{"start":{"line":52,"column":9},"end":{"line":54,"column":3}}],"line":52}},"s":{"0":6,"1":8,"2":6,"3":8,"4":9,"5":8,"6":10,"7":8,"8":10,"9":1,"10":9,"11":1,"12":8},"f":{"0":8,"1":8,"2":9,"3":8,"4":10,"5":8},"b":{"0":[2,6],"1":[8,4],"2":[1,9],"3":[1,8]},"_coverageSchema":"1a1c01bbd47fc00a2c39e90264f33305004495a9","hash":"f37c158560be2acd14f71837c42c73ed75f5409d"}
,"C:\\Users\\natha\\Desktop\\Formations\\Formation JS React\\Projet 9\\Billed-app-FR-Front\\src\\views\\DashboardFormUI.js": {"path":"C:\\Users\\natha\\Desktop\\Formations\\Formation JS React\\Projet 9\\Billed-app-FR-Front\\src\\views\\DashboardFormUI.js","statementMap":{"0":{"start":{"line":7,"column":21},"end":{"line":22,"column":3}},"1":{"start":{"line":7,"column":27},"end":{"line":22,"column":3}},"2":{"start":{"line":25,"column":2},"end":{"line":112,"column":4}}},"fnMap":{"0":{"name":"(anonymous_0)","decl":{"start":{"line":7,"column":21},"end":{"line":7,"column":22}},"loc":{"start":{"line":7,"column":27},"end":{"line":22,"column":3}},"line":7},"1":{"name":"(anonymous_1)","decl":{"start":{"line":24,"column":15},"end":{"line":24,"column":16}},"loc":{"start":{"line":24,"column":25},"end":{"line":113,"column":1}},"line":24}},"branchMap":{"0":{"loc":{"start":{"line":83,"column":9},"end":{"line":95,"column":8}},"type":"cond-expr","locations":[{"start":{"line":84,"column":13},"end":{"line":89,"column":8}},{"start":{"line":90,"column":13},"end":{"line":95,"column":8}}],"line":83},"1":{"loc":{"start":{"line":100,"column":8},"end":{"line":107,"column":14}},"type":"cond-expr","locations":[{"start":{"line":101,"column":12},"end":{"line":106,"column":7}},{"start":{"line":107,"column":12},"end":{"line":107,"column":14}}],"line":100}},"s":{"0":7,"1":10,"2":10},"f":{"0":10,"1":10},"b":{"0":[7,3],"1":[7,3]},"_coverageSchema":"1a1c01bbd47fc00a2c39e90264f33305004495a9","hash":"13d26d7f6b1d5dc298f6e8bb14c0d4285204a999"}
,"C:\\Users\\natha\\Desktop\\Formations\\Formation JS React\\Projet 9\\Billed-app-FR-Front\\src\\views\\DashboardUI.js": {"path":"C:\\Users\\natha\\Desktop\\Formations\\Formation JS React\\Projet 9\\Billed-app-FR-Front\\src\\views\\DashboardUI.js","statementMap":{"0":{"start":{"line":10,"column":2},"end":{"line":14,"column":3}},"1":{"start":{"line":11,"column":4},"end":{"line":11,"column":24}},"2":{"start":{"line":12,"column":9},"end":{"line":14,"column":3}},"3":{"start":{"line":13,"column":4},"end":{"line":13,"column":27}},"4":{"start":{"line":16,"column":2},"end":{"line":48,"column":3}}},"fnMap":{"0":{"name":"(anonymous_0)","decl":{"start":{"line":8,"column":15},"end":{"line":8,"column":16}},"loc":{"start":{"line":8,"column":45},"end":{"line":49,"column":1}},"line":8}},"branchMap":{"0":{"loc":{"start":{"line":10,"column":2},"end":{"line":14,"column":3}},"type":"if","locations":[{"start":{"line":10,"column":2},"end":{"line":14,"column":3}},{"start":{"line":10,"column":2},"end":{"line":14,"column":3}}],"line":10},"1":{"loc":{"start":{"line":12,"column":9},"end":{"line":14,"column":3}},"type":"if","locations":[{"start":{"line":12,"column":9},"end":{"line":14,"column":3}},{"start":{"line":12,"column":9},"end":{"line":14,"column":3}}],"line":12},"2":{"loc":{"start":{"line":22,"column":45},"end":{"line":22,"column":63}},"type":"binary-expr","locations":[{"start":{"line":22,"column":45},"end":{"line":22,"column":49}},{"start":{"line":22,"column":53},"end":{"line":22,"column":63}}],"line":22},"3":{"loc":{"start":{"line":29,"column":43},"end":{"line":29,"column":61}},"type":"binary-expr","locations":[{"start":{"line":29,"column":43},"end":{"line":29,"column":47}},{"start":{"line":29,"column":51},"end":{"line":29,"column":61}}],"line":29},"4":{"loc":{"start":{"line":36,"column":43},"end":{"line":36,"column":61}},"type":"binary-expr","locations":[{"start":{"line":36,"column":43},"end":{"line":36,"column":47}},{"start":{"line":36,"column":51},"end":{"line":36,"column":61}}],"line":36}},"s":{"0":21,"1":6,"2":15,"3":3,"4":12},"f":{"0":21},"b":{"0":[6,15],"1":[3,12],"2":[12,7],"3":[12,7],"4":[12,7]},"_coverageSchema":"1a1c01bbd47fc00a2c39e90264f33305004495a9","hash":"4defccdac683fdbb67ef617bad44979c1bb8cf0b"}
,"C:\\Users\\natha\\Desktop\\Formations\\Formation JS React\\Projet 9\\Billed-app-FR-Front\\src\\views\\ErrorPage.js": {"path":"C:\\Users\\natha\\Desktop\\Formations\\Formation JS React\\Projet 9\\Billed-app-FR-Front\\src\\views\\ErrorPage.js","statementMap":{"0":{"start":{"line":4,"column":2},"end":{"line":15,"column":3}}},"fnMap":{"0":{"name":"(anonymous_0)","decl":{"start":{"line":3,"column":15},"end":{"line":3,"column":16}},"loc":{"start":{"line":3,"column":26},"end":{"line":16,"column":1}},"line":3}},"branchMap":{"0":{"loc":{"start":{"line":12,"column":12},"end":{"line":12,"column":30}},"type":"cond-expr","locations":[{"start":{"line":12,"column":20},"end":{"line":12,"column":25}},{"start":{"line":12,"column":28},"end":{"line":12,"column":30}}],"line":12}},"s":{"0":6},"f":{"0":6},"b":{"0":[5,1]},"_coverageSchema":"1a1c01bbd47fc00a2c39e90264f33305004495a9","hash":"70887da030ddfd0ba0f0eac6e90af87edd7c5365"}
,"C:\\Users\\natha\\Desktop\\Formations\\Formation JS React\\Projet 9\\Billed-app-FR-Front\\src\\views\\LoadingPage.js": {"path":"C:\\Users\\natha\\Desktop\\Formations\\Formation JS React\\Projet 9\\Billed-app-FR-Front\\src\\views\\LoadingPage.js","statementMap":{"0":{"start":{"line":5,"column":2},"end":{"line":12,"column":3}}},"fnMap":{"0":{"name":"(anonymous_0)","decl":{"start":{"line":3,"column":15},"end":{"line":3,"column":16}},"loc":{"start":{"line":3,"column":21},"end":{"line":13,"column":1}},"line":3}},"branchMap":{},"s":{"0":8},"f":{"0":8},"b":{},"_coverageSchema":"1a1c01bbd47fc00a2c39e90264f33305004495a9","hash":"269e1504ede5a260e9d3993c833cbb3431400d09"}
,"C:\\Users\\natha\\Desktop\\Formations\\Formation JS React\\Projet 9\\Billed-app-FR-Front\\src\\views\\LoginUI.js": {"path":"C:\\Users\\natha\\Desktop\\Formations\\Formation JS React\\Projet 9\\Billed-app-FR-Front\\src\\views\\LoginUI.js","statementMap":{"0":{"start":{"line":2,"column":2},"end":{"line":44,"column":4}}},"fnMap":{"0":{"name":"(anonymous_0)","decl":{"start":{"line":1,"column":15},"end":{"line":1,"column":16}},"loc":{"start":{"line":1,"column":21},"end":{"line":45,"column":1}},"line":1}},"branchMap":{},"s":{"0":14},"f":{"0":14},"b":{},"_coverageSchema":"1a1c01bbd47fc00a2c39e90264f33305004495a9","hash":"9e098aa0cd2e670a6b2e3a50758c96315e8567b7"}
,"C:\\Users\\natha\\Desktop\\Formations\\Formation JS React\\Projet 9\\Billed-app-FR-Front\\src\\views\\NewBillUI.js": {"path":"C:\\Users\\natha\\Desktop\\Formations\\Formation JS React\\Projet 9\\Billed-app-FR-Front\\src\\views\\NewBillUI.js","statementMap":{"0":{"start":{"line":4,"column":2},"end":{"line":72,"column":4}}},"fnMap":{"0":{"name":"(anonymous_0)","decl":{"start":{"line":3,"column":15},"end":{"line":3,"column":16}},"loc":{"start":{"line":3,"column":21},"end":{"line":73,"column":1}},"line":3}},"branchMap":{},"s":{"0":6},"f":{"0":6},"b":{},"_coverageSchema":"1a1c01bbd47fc00a2c39e90264f33305004495a9","hash":"d99fe2ec354cdec58025ee3ffda215b84d08a65e"}
,"C:\\Users\\natha\\Desktop\\Formations\\Formation JS React\\Projet 9\\Billed-app-FR-Front\\src\\views\\VerticalLayout.js": {"path":"C:\\Users\\natha\\Desktop\\Formations\\Formation JS React\\Projet 9\\Billed-app-FR-Front\\src\\views\\VerticalLayout.js","statementMap":{"0":{"start":{"line":7,"column":4},"end":{"line":7,"column":51}},"1":{"start":{"line":8,"column":4},"end":{"line":10,"column":5}},"2":{"start":{"line":9,"column":6},"end":{"line":9,"column":29}},"3":{"start":{"line":11,"column":4},"end":{"line":39,"column":5}},"4":{"start":{"line":12,"column":6},"end":{"line":27,"column":7}},"5":{"start":{"line":29,"column":6},"end":{"line":38,"column":7}}},"fnMap":{"0":{"name":"(anonymous_0)","decl":{"start":{"line":5,"column":15},"end":{"line":5,"column":16}},"loc":{"start":{"line":5,"column":27},"end":{"line":40,"column":1}},"line":5}},"branchMap":{"0":{"loc":{"start":{"line":8,"column":4},"end":{"line":10,"column":5}},"type":"if","locations":[{"start":{"line":8,"column":4},"end":{"line":10,"column":5}},{"start":{"line":8,"column":4},"end":{"line":10,"column":5}}],"line":8},"1":{"loc":{"start":{"line":11,"column":4},"end":{"line":39,"column":5}},"type":"if","locations":[{"start":{"line":11,"column":4},"end":{"line":39,"column":5}},{"start":{"line":11,"column":4},"end":{"line":39,"column":5}}],"line":11},"2":{"loc":{"start":{"line":11,"column":8},"end":{"line":11,"column":40}},"type":"binary-expr","locations":[{"start":{"line":11,"column":8},"end":{"line":11,"column":12}},{"start":{"line":11,"column":16},"end":{"line":11,"column":40}}],"line":11}},"s":{"0":41,"1":41,"2":23,"3":41,"4":7,"5":34},"f":{"0":41},"b":{"0":[23,18],"1":[7,34],"2":[41,28]},"_coverageSchema":"1a1c01bbd47fc00a2c39e90264f33305004495a9","hash":"83ac8095a8c1b9f7718244833ddbd68f34db43c3"}
}
