TN:
SF:src\constants\routes.js
FN:13,(anonymous_0)
FNF:1
FNH:1
FNDA:29,(anonymous_0)
DA:6,6
DA:13,6
DA:14,29
DA:16,7
DA:18,7
DA:20,2
DA:22,12
DA:24,1
LF:8
LH:8
BRDA:14,0,0,7
BRDA:14,0,1,7
BRDA:14,0,2,2
BRDA:14,0,3,12
BRDA:14,0,4,1
BRF:5
BRH:5
end_of_record
TN:
SF:src\constants\usersTest.js
FNF:0
FNH:0
LF:0
LH:0
BRF:0
BRH:0
end_of_record
TN:
SF:src\containers\Bills.js
FN:6,(anonymous_0)
FN:17,(anonymous_1)
FN:18,(anonymous_2)
FN:23,(anonymous_3)
FN:27,(anonymous_4)
FN:39,(anonymous_5)
FN:44,(anonymous_6)
FN:45,(anonymous_7)
FNF:8
FNH:8
FNDA:6,(anonymous_0)
FNDA:8,(anonymous_1)
FNDA:4,(anonymous_2)
FNDA:1,(anonymous_3)
FNDA:8,(anonymous_4)
FNDA:4,(anonymous_5)
FNDA:3,(anonymous_6)
FNDA:6,(anonymous_7)
DA:7,6
DA:8,6
DA:9,6
DA:10,6
DA:13,6
DA:14,2
DA:15,6
DA:16,6
DA:17,6
DA:18,8
DA:20,6
DA:23,6
DA:24,1
DA:27,6
DA:28,8
DA:29,8
DA:30,8
DA:35,8
DA:36,0
DA:39,6
DA:40,4
DA:41,4
DA:45,3
DA:46,6
DA:47,6
DA:55,0
DA:56,0
DA:63,3
DA:64,3
LF:29
LH:26
BRDA:13,0,0,2
BRDA:13,0,1,4
BRDA:16,1,0,6
BRDA:16,1,1,0
BRDA:35,2,0,0
BRDA:35,2,1,8
BRDA:40,3,0,4
BRDA:40,3,1,0
BRF:8
BRH:5
end_of_record
TN:
SF:src\containers\Dashboard.js
FN:8,(anonymous_0)
FN:10,(anonymous_1)
FN:30,(anonymous_2)
FN:59,(anonymous_3)
FN:60,(anonymous_4)
FN:63,(anonymous_5)
FN:75,(anonymous_6)
FN:79,(anonymous_7)
FN:80,(anonymous_8)
FN:81,(anonymous_9)
FN:85,(anonymous_10)
FN:127,(anonymous_11)
FN:134,(anonymous_12)
FN:144,(anonymous_13)
FN:151,(anonymous_14)
FN:152,(anonymous_15)
FN:155,(anonymous_16)
FN:165,(anonymous_17)
FN:175,(anonymous_18)
FN:191,(anonymous_19)
FN:193,(anonymous_20)
FN:201,(anonymous_21)
FN:206,(anonymous_22)
FN:207,(anonymous_23)
FN:215,(anonymous_24)
FNF:25
FNH:20
FNDA:44,(anonymous_0)
FNDA:104,(anonymous_1)
FNDA:6,(anonymous_2)
FNDA:6,(anonymous_3)
FNDA:6,(anonymous_4)
FNDA:5,(anonymous_5)
FNDA:14,(anonymous_6)
FNDA:0,(anonymous_7)
FNDA:0,(anonymous_8)
FNDA:0,(anonymous_9)
FNDA:1,(anonymous_10)
FNDA:3,(anonymous_11)
FNDA:4,(anonymous_12)
FNDA:12,(anonymous_13)
FNDA:0,(anonymous_14)
FNDA:0,(anonymous_15)
FNDA:1,(anonymous_16)
FNDA:1,(anonymous_17)
FNDA:5,(anonymous_18)
FNDA:20,(anonymous_19)
FNDA:3,(anonymous_20)
FNDA:5,(anonymous_21)
FNDA:3,(anonymous_22)
FNDA:12,(anonymous_23)
FNDA:2,(anonymous_24)
DA:8,6
DA:9,44
DA:14,104
DA:15,104
DA:20,0
DA:25,104
DA:30,6
DA:31,6
DA:32,6
DA:35,6
DA:39,6
DA:59,6
DA:60,6
DA:63,6
DA:64,5
DA:66,3
DA:68,1
DA:70,1
DA:76,14
DA:77,14
DA:78,14
DA:79,14
DA:80,14
DA:81,14
DA:82,14
DA:85,14
DA:86,1
DA:87,1
DA:88,1
DA:93,1
DA:94,0
DA:128,3
DA:129,2
DA:130,2
DA:131,2
DA:132,2
DA:133,1
DA:134,1
DA:135,4
DA:137,1
DA:140,1
DA:141,1
DA:144,3
DA:145,12
DA:146,9
DA:150,3
DA:151,3
DA:152,3
DA:155,14
DA:156,1
DA:161,1
DA:162,1
DA:165,14
DA:166,1
DA:171,1
DA:172,1
DA:176,5
DA:177,5
DA:178,5
DA:179,5
DA:180,5
DA:183,5
DA:185,0
DA:186,0
DA:187,0
DA:191,5
DA:193,20
DA:194,3
DA:198,5
DA:201,14
DA:202,5
DA:203,5
DA:207,12
DA:213,3
DA:216,2
LF:75
LH:70
BRDA:9,0,0,26
BRDA:9,0,1,18
BRDA:9,1,0,44
BRDA:9,1,1,26
BRDA:14,2,0,104
BRDA:14,2,1,0
BRDA:21,3,0,0
BRDA:21,3,1,0
BRDA:32,4,0,0
BRDA:32,4,1,6
BRDA:35,5,0,0
BRDA:35,5,1,6
BRDA:60,6,0,5
BRDA:60,6,1,1
BRDA:60,7,0,6
BRDA:60,7,1,6
BRDA:64,8,0,3
BRDA:64,8,1,1
BRDA:64,8,2,1
BRDA:93,9,0,0
BRDA:93,9,1,1
BRDA:128,10,0,2
BRDA:128,10,1,1
BRDA:133,11,0,1
BRDA:133,11,1,0
BRDA:133,12,0,1
BRDA:133,12,1,1
BRDA:145,13,0,9
BRDA:145,13,1,3
BRDA:176,14,0,5
BRDA:176,14,1,0
BRDA:176,15,0,5
BRDA:176,15,1,2
BRDA:177,16,0,5
BRDA:177,16,1,0
BRDA:177,17,0,5
BRDA:177,17,1,2
BRDA:178,18,0,5
BRDA:178,18,1,0
BRDA:202,19,0,5
BRDA:202,19,1,0
BRF:41
BRH:30
end_of_record
TN:
SF:src\containers\Login.js
FN:6,(anonymous_0)
FN:27,(anonymous_1)
FN:40,(anonymous_2)
FN:41,(anonymous_3)
FN:49,(anonymous_4)
FN:62,(anonymous_5)
FN:66,(anonymous_6)
FN:75,(anonymous_7)
FN:84,(anonymous_8)
FN:93,(anonymous_9)
FN:105,(anonymous_10)
FNF:11
FNH:5
FNDA:4,(anonymous_0)
FNDA:2,(anonymous_1)
FNDA:0,(anonymous_2)
FNDA:2,(anonymous_3)
FNDA:2,(anonymous_4)
FNDA:0,(anonymous_5)
FNDA:2,(anonymous_6)
FNDA:0,(anonymous_7)
FNDA:0,(anonymous_8)
FNDA:0,(anonymous_9)
FNDA:0,(anonymous_10)
DA:2,3
DA:13,4
DA:14,4
DA:15,4
DA:16,4
DA:17,4
DA:18,4
DA:21,4
DA:22,4
DA:25,4
DA:27,4
DA:28,2
DA:29,2
DA:38,2
DA:39,2
DA:40,0
DA:42,2
DA:43,2
DA:44,2
DA:45,2
DA:49,4
DA:50,2
DA:51,2
DA:60,2
DA:61,2
DA:63,0
DA:64,0
DA:67,2
DA:68,2
DA:69,2
DA:70,2
DA:75,4
DA:76,0
DA:77,0
DA:85,0
DA:88,0
DA:93,4
DA:94,0
DA:95,0
DA:106,0
DA:107,0
DA:110,0
LF:42
LH:30
BRDA:76,0,0,0
BRDA:76,0,1,0
BRDA:94,1,0,0
BRDA:94,1,1,0
BRF:4
BRH:0
end_of_record
TN:
SF:src\containers\Logout.js
FN:4,(anonymous_0)
FN:11,(anonymous_1)
FNF:2
FNH:2
FNDA:23,(anonymous_0)
FNDA:2,(anonymous_1)
DA:5,23
DA:6,23
DA:7,23
DA:8,23
DA:11,23
DA:12,2
DA:13,2
LF:7
LH:7
BRF:0
BRH:0
end_of_record
TN:
SF:src\containers\NewBill.js
FN:5,(anonymous_0)
FN:20,(anonymous_1)
FN:39,(anonymous_2)
FN:45,(anonymous_3)
FN:47,(anonymous_4)
FN:76,(anonymous_5)
FN:81,(anonymous_6)
FN:84,(anonymous_7)
FNF:8
FNH:5
FNDA:2,(anonymous_0)
FNDA:1,(anonymous_1)
FNDA:0,(anonymous_2)
FNDA:1,(anonymous_3)
FNDA:2,(anonymous_4)
FNDA:2,(anonymous_5)
FNDA:0,(anonymous_6)
FNDA:0,(anonymous_7)
DA:6,2
DA:7,2
DA:8,2
DA:9,2
DA:12,2
DA:13,2
DA:14,2
DA:15,2
DA:16,2
DA:17,2
DA:18,2
DA:20,2
DA:21,1
DA:22,1
DA:24,1
DA:25,1
DA:26,1
DA:27,1
DA:28,1
DA:29,1
DA:31,1
DA:40,0
DA:41,0
DA:42,0
DA:43,0
DA:45,1
DA:47,2
DA:48,2
DA:49,2
DA:50,2
DA:69,2
DA:71,2
DA:72,2
DA:76,2
DA:77,2
DA:78,0
DA:82,0
DA:84,0
LF:38
LH:31
BRDA:60,0,0,2
BRDA:60,0,1,0
BRDA:77,1,0,0
BRDA:77,1,1,2
BRF:4
BRH:2
end_of_record
TN:
SF:src\views\Actions.js
FN:4,(anonymous_0)
FNF:1
FNH:1
FNDA:10,(anonymous_0)
DA:5,10
LF:1
LH:1
BRF:0
BRH:0
end_of_record
TN:
SF:src\views\BillsUI.js
FN:7,(anonymous_0)
FN:22,(anonymous_1)
FN:25,(anonymous_2)
FN:27,(anonymous_3)
FN:32,(anonymous_4)
FN:33,(anonymous_5)
FNF:6
FNH:6
FNDA:8,(anonymous_0)
FNDA:8,(anonymous_1)
FNDA:9,(anonymous_2)
FNDA:8,(anonymous_3)
FNDA:10,(anonymous_4)
FNDA:8,(anonymous_5)
DA:7,6
DA:8,8
DA:22,6
DA:23,8
DA:25,9
DA:27,8
DA:33,10
DA:50,10
DA:51,1
DA:52,9
DA:53,1
DA:56,8
LF:12
LH:12
BRDA:23,0,0,2
BRDA:23,0,1,6
BRDA:23,1,0,8
BRDA:23,1,1,4
BRDA:50,2,0,1
BRDA:50,2,1,9
BRDA:52,3,0,1
BRDA:52,3,1,8
BRF:8
BRH:8
end_of_record
TN:
SF:src\views\DashboardFormUI.js
FN:7,(anonymous_0)
FN:24,(anonymous_1)
FNF:2
FNH:2
FNDA:9,(anonymous_0)
FNDA:9,(anonymous_1)
DA:7,9
DA:25,9
LF:2
LH:2
BRDA:83,0,0,6
BRDA:83,0,1,3
BRDA:100,1,0,6
BRDA:100,1,1,3
BRF:4
BRH:4
end_of_record
TN:
SF:src\views\DashboardUI.js
FN:8,(anonymous_0)
FNF:1
FNH:1
FNDA:21,(anonymous_0)
DA:10,21
DA:11,6
DA:12,15
DA:13,3
DA:16,12
LF:5
LH:5
BRDA:10,0,0,6
BRDA:10,0,1,15
BRDA:12,1,0,3
BRDA:12,1,1,12
BRDA:22,2,0,12
BRDA:22,2,1,7
BRDA:29,3,0,12
BRDA:29,3,1,7
BRDA:36,4,0,12
BRDA:36,4,1,7
BRF:10
BRH:10
end_of_record
TN:
SF:src\views\ErrorPage.js
FN:3,(anonymous_0)
FNF:1
FNH:1
FNDA:6,(anonymous_0)
DA:4,6
LF:1
LH:1
BRDA:12,0,0,5
BRDA:12,0,1,1
BRF:2
BRH:2
end_of_record
TN:
SF:src\views\LoadingPage.js
FN:3,(anonymous_0)
FNF:1
FNH:1
FNDA:8,(anonymous_0)
DA:5,8
LF:1
LH:1
BRF:0
BRH:0
end_of_record
TN:
SF:src\views\LoginUI.js
FN:1,(anonymous_0)
FNF:1
FNH:1
FNDA:14,(anonymous_0)
DA:2,14
LF:1
LH:1
BRF:0
BRH:0
end_of_record
TN:
SF:src\views\NewBillUI.js
FN:3,(anonymous_0)
FNF:1
FNH:1
FNDA:6,(anonymous_0)
DA:4,6
LF:1
LH:1
BRF:0
BRH:0
end_of_record
TN:
SF:src\views\VerticalLayout.js
FN:5,(anonymous_0)
FNF:1
FNH:1
FNDA:41,(anonymous_0)
DA:7,41
DA:8,41
DA:9,23
DA:11,41
DA:12,7
DA:29,34
LF:6
LH:6
BRDA:8,0,0,23
BRDA:8,0,1,18
BRDA:11,1,0,7
BRDA:11,1,1,34
BRDA:11,2,0,41
BRDA:11,2,1,28
BRF:6
BRH:6
end_of_record
